0 info it worked if it ends with ok
1 verbose cli [ '/opt/anaconda2/bin/node',
1 verbose cli   '/usr/local/anaconda/bin/npm',
1 verbose cli   'start' ]
2 info using npm@3.10.10
3 info using node@v6.11.0
4 verbose stack Error: ENOENT: no such file or directory, open '/work/home/dp626/DSMACC-testing/mechanisms/package.json'
4 verbose stack     at Error (native)
5 verbose cwd /work/home/dp626/DSMACC-testing/mechanisms
6 error Linux 4.4.74-92.38-default
7 error argv "/opt/anaconda2/bin/node" "/usr/local/anaconda/bin/npm" "start"
8 error node v6.11.0
9 error npm  v3.10.10
10 error path /work/home/dp626/DSMACC-testing/mechanisms/package.json
11 error code ENOENT
12 error errno -2
13 error syscall open
14 error enoent ENOENT: no such file or directory, open '/work/home/dp626/DSMACC-testing/mechanisms/package.json'
15 error enoent ENOENT: no such file or directory, open '/work/home/dp626/DSMACC-testing/mechanisms/package.json'
15 error enoent This is most likely not a problem with npm itself
15 error enoent and is related to npm not being able to find a file.
16 verbose exit [ -2, true ]
